<?xml version="1.0" encoding="UTF-8"?>
<testng-results ignored="0" total="1" passed="1" failed="0" skipped="0">
  <reporter-output>
  </reporter-output>
  <suite started-at="2022-08-14T17:37:38 PDT" name="Suite" finished-at="2022-08-14T17:38:18 PDT" duration-ms="40649">
    <groups>
    </groups>
    <test started-at="2022-08-14T17:37:38 PDT" name="Test" finished-at="2022-08-14T17:38:18 PDT" duration-ms="40649">
      <class name="amazon.test.AmazonTest">
        <test-method is-config="true" signature="setup()[pri:0, instance:amazon.test.AmazonTest@58740366]" started-at="2022-08-14T17:37:24 PDT" name="setup" finished-at="2022-08-14T17:37:38 PDT" duration-ms="13357" status="PASS">
          <reporter-output>
          </reporter-output>
        </test-method> <!-- setup -->
        <test-method signature="navigateToElectronicsNValidateTitle()[pri:0, instance:amazon.test.AmazonTest@58740366]" started-at="2022-08-14T17:37:38 PDT" name="navigateToElectronicsNValidateTitle" finished-at="2022-08-14T17:38:18 PDT" duration-ms="40565" status="PASS">
          <reporter-output>
          </reporter-output>
        </test-method> <!-- navigateToElectronicsNValidateTitle -->
        <test-method is-config="true" signature="tearDown()[pri:0, instance:amazon.test.AmazonTest@58740366]" started-at="2022-08-14T17:38:18 PDT" name="tearDown" finished-at="2022-08-14T17:38:19 PDT" duration-ms="944" status="PASS">
          <reporter-output>
          </reporter-output>
        </test-method> <!-- tearDown -->
      </class> <!-- amazon.test.AmazonTest -->
    </test> <!-- Test -->
  </suite> <!-- Suite -->
</testng-results>
